d:\programovanie\posko\posko\firstsdl\debug\vc141.pdb
d:\programovanie\posko\posko\firstsdl\debug\vc141.idb
d:\programovanie\posko\posko\firstsdl\debug\window.obj
d:\programovanie\posko\posko\firstsdl\debug\source.obj
d:\programovanie\posko\posko\firstsdl\debug\game.obj
d:\programovanie\posko\posko\firstsdl\debug\rectangle.obj
d:\programovanie\posko\posko\firstsdl\debug\player.obj
d:\programovanie\posko\posko\firstsdl\debug\ball.obj
d:\programovanie\posko\posko\firstsdl\debug\socket.obj
d:\programovanie\posko\posko\debug\posko.exe
d:\programovanie\posko\posko\debug\posko.ilk
d:\programovanie\posko\posko\debug\posko.pdb
d:\programovanie\posko\posko\debug\posko.lib
d:\programovanie\posko\posko\debug\posko.exp
d:\programovanie\posko\posko\firstsdl\debug\button.obj
d:\programovanie\posko\posko\firstsdl\debug\posko.tlog\cl.command.1.tlog
d:\programovanie\posko\posko\firstsdl\debug\posko.tlog\cl.read.1.tlog
d:\programovanie\posko\posko\firstsdl\debug\posko.tlog\cl.write.1.tlog
d:\programovanie\posko\posko\firstsdl\debug\posko.tlog\link.command.1.tlog
d:\programovanie\posko\posko\firstsdl\debug\posko.tlog\link.read.1.tlog
d:\programovanie\posko\posko\firstsdl\debug\posko.tlog\link.write.1.tlog
d:\programovanie\posko\posko\firstsdl\debug\posko.tlog\posko.write.1u.tlog
